<?xml version="1.0" encoding="UTF-8"?>
<!-- Generated by org.testng.reporters.JUnitXMLReporter -->
<testsuite hostname="DESKTOP-CS64EQC" ignored="0" name="TurkceOkulu Functional Regression Test" tests="6" failures="1" timestamp="29 Mar 2021 15:08:28 GMT" time="20.681" errors="0">
  <testcase name="getPageTitleTest" time="0.067" classname="com.qa.school.test.LoginPageTest"/>
  <testcase name="doLogInTest" time="0.928" classname="com.qa.school.test.HomePageTest"/>
  <testcase name="getListTest" time="2.383" classname="com.qa.school.test.LoginPageTest"/>
  <testcase name="getTeacherNameTest" time="0.064" classname="com.qa.school.test.HomePageTest"/>
  <testcase name="getSignLanguageTitleTest" time="0.02" classname="com.qa.school.test.LoginPageTest"/>
  <testcase name="signLanguagePageTest" time="0.079" classname="com.qa.school.test.LoginPageTest">
    <failure type="java.lang.AssertionError" message="PAGE IS EMPTY expected [Sign Language&amp;apos;] but found [Sign Language]">
      <![CDATA[java.lang.AssertionError: PAGE IS EMPTY expected [Sign Language'] but found [Sign Language]
	at com.qa.school.test.LoginPageTest.signLanguagePageTest(LoginPageTest.java:58)
... Removed 30 stack frames]]>
    </failure>
  </testcase> <!-- signLanguagePageTest -->
</testsuite> <!-- TurkceOkulu Functional Regression Test -->
